This is pdfTeX, Version 3.14159265-2.6-1.40.19 (MiKTeX 2.9.6630 64-bit) (preloaded format=pdflatex 2018.5.27)  31 MAY 2018 21:38
entering extended mode
**./proj_proposal.tex
(proj_proposal.tex
LaTeX2e <2017-04-15>
Babel <3.18> and hyphenation patterns for 75 language(s) loaded.
("C:\Program Files\MiKTeX 2.9\tex\latex\base\report.cls"
Document Class: report 2014/09/29 v1.4h Standard LaTeX document class
("C:\Program Files\MiKTeX 2.9\tex\latex\base\size11.clo"
File: size11.clo 2014/09/29 v1.4h Standard LaTeX file (size option)
)
\c@part=\count79
\c@chapter=\count80
\c@section=\count81
\c@subsection=\count82
\c@subsubsection=\count83
\c@paragraph=\count84
\c@subparagraph=\count85
\c@figure=\count86
\c@table=\count87
\abovecaptionskip=\skip41
\belowcaptionskip=\skip42
\bibindent=\dimen102
)
("C:\Program Files\MiKTeX 2.9\tex\latex\float\float.sty"
Package: float 2001/11/08 v1.3d Float enhancements (AL)
\c@float@type=\count88
\float@exts=\toks14
\float@box=\box26
\@float@everytoks=\toks15
\@floatcapt=\box27
)
("C:\Program Files\MiKTeX 2.9\tex\latex\url\url.sty"
\Urlmuskip=\muskip10
Package: url 2013/09/16  ver 3.4  Verb mode for urls, etc.
)
("C:\Program Files\MiKTeX 2.9\tex\latex\hyperref\hyperref.sty"
Package: hyperref 2018/02/06 v6.86b Hypertext links for LaTeX

("C:\Program Files\MiKTeX 2.9\tex\generic\oberdiek\hobsub-hyperref.sty"
Package: hobsub-hyperref 2016/05/16 v1.14 Bundle oberdiek, subset hyperref (HO)


("C:\Program Files\MiKTeX 2.9\tex\generic\oberdiek\hobsub-generic.sty"
Package: hobsub-generic 2016/05/16 v1.14 Bundle oberdiek, subset generic (HO)
Package: hobsub 2016/05/16 v1.14 Construct package bundles (HO)
Package: infwarerr 2016/05/16 v1.4 Providing info/warning/error messages (HO)
Package: ltxcmds 2016/05/16 v1.23 LaTeX kernel commands for general use (HO)
Package: ifluatex 2016/05/16 v1.4 Provides the ifluatex switch (HO)
Package ifluatex Info: LuaTeX not detected.
Package: ifvtex 2016/05/16 v1.6 Detect VTeX and its facilities (HO)
Package ifvtex Info: VTeX not detected.
Package: intcalc 2016/05/16 v1.2 Expandable calculations with integers (HO)
Package: ifpdf 2017/03/15 v3.2 Provides the ifpdf switch
Package: etexcmds 2016/05/16 v1.6 Avoid name clashes with e-TeX commands (HO)
Package etexcmds Info: Could not find \expanded.
(etexcmds)             That can mean that you are not using pdfTeX 1.50 or
(etexcmds)             that some package has redefined \expanded.
(etexcmds)             In the latter case, load this package earlier.
Package: kvsetkeys 2016/05/16 v1.17 Key value parser (HO)
Package: kvdefinekeys 2016/05/16 v1.4 Define keys (HO)
Package: pdftexcmds 2018/01/21 v0.26 Utility functions of pdfTeX for LuaTeX (HO
)
Package pdftexcmds Info: LuaTeX not detected.
Package pdftexcmds Info: \pdf@primitive is available.
Package pdftexcmds Info: \pdf@ifprimitive is available.
Package pdftexcmds Info: \pdfdraftmode found.
Package: pdfescape 2016/05/16 v1.14 Implements pdfTeX's escape features (HO)
Package: bigintcalc 2016/05/16 v1.4 Expandable calculations on big integers (HO
)
Package: bitset 2016/05/16 v1.2 Handle bit-vector datatype (HO)
Package: uniquecounter 2016/05/16 v1.3 Provide unlimited unique counter (HO)
)
Package hobsub Info: Skipping package `hobsub' (already loaded).
Package: letltxmacro 2016/05/16 v1.5 Let assignment for LaTeX macros (HO)
Package: hopatch 2016/05/16 v1.3 Wrapper for package hooks (HO)
Package: xcolor-patch 2016/05/16 xcolor patch
Package: atveryend 2016/05/16 v1.9 Hooks at the very end of document (HO)
Package atveryend Info: \enddocument detected (standard20110627).
Package: atbegshi 2016/06/09 v1.18 At begin shipout hook (HO)
Package: refcount 2016/05/16 v3.5 Data extraction from label references (HO)
Package: hycolor 2016/05/16 v1.8 Color options for hyperref/bookmark (HO)
)
("C:\Program Files\MiKTeX 2.9\tex\latex\graphics\keyval.sty"
Package: keyval 2014/10/28 v1.15 key=value parser (DPC)
\KV@toks@=\toks16
)
("C:\Program Files\MiKTeX 2.9\tex\generic\ifxetex\ifxetex.sty"
Package: ifxetex 2010/09/12 v0.6 Provides ifxetex conditional
)
("C:\Program Files\MiKTeX 2.9\tex\latex\oberdiek\auxhook.sty"
Package: auxhook 2016/05/16 v1.4 Hooks for auxiliary files (HO)
)
("C:\Program Files\MiKTeX 2.9\tex\latex\oberdiek\kvoptions.sty"
Package: kvoptions 2016/05/16 v3.12 Key value format for package options (HO)
)
\@linkdim=\dimen103
\Hy@linkcounter=\count89
\Hy@pagecounter=\count90

("C:\Program Files\MiKTeX 2.9\tex\latex\hyperref\pd1enc.def"
File: pd1enc.def 2018/02/06 v6.86b Hyperref: PDFDocEncoding definition (HO)
)
\Hy@SavedSpaceFactor=\count91

("C:\Program Files\MiKTeX 2.9\tex\latex\00miktex\hyperref.cfg"
File: hyperref.cfg 2002/06/06 v1.2 hyperref configuration of TeXLive
)
Package hyperref Info: Hyper figures OFF on input line 4509.
Package hyperref Info: Link nesting OFF on input line 4514.
Package hyperref Info: Hyper index ON on input line 4517.
Package hyperref Info: Plain pages OFF on input line 4524.
Package hyperref Info: Backreferencing OFF on input line 4529.
Package hyperref Info: Implicit mode ON; LaTeX internals redefined.
Package hyperref Info: Bookmarks ON on input line 4762.
\c@Hy@tempcnt=\count92
LaTeX Info: Redefining \url on input line 5115.
\XeTeXLinkMargin=\dimen104
\Fld@menulength=\count93
\Field@Width=\dimen105
\Fld@charsize=\dimen106
Package hyperref Info: Hyper figures OFF on input line 6369.
Package hyperref Info: Link nesting OFF on input line 6374.
Package hyperref Info: Hyper index ON on input line 6377.
Package hyperref Info: backreferencing OFF on input line 6384.
Package hyperref Info: Link coloring OFF on input line 6389.
Package hyperref Info: Link coloring with OCG OFF on input line 6394.
Package hyperref Info: PDF/A mode OFF on input line 6399.
LaTeX Info: Redefining \ref on input line 6439.
LaTeX Info: Redefining \pageref on input line 6443.
\Hy@abspage=\count94
\c@Item=\count95
\c@Hfootnote=\count96
)
Package hyperref Info: Driver (autodetected): hpdftex.

("C:\Program Files\MiKTeX 2.9\tex\latex\hyperref\hpdftex.def"
File: hpdftex.def 2018/02/06 v6.86b Hyperref driver for pdfTeX
\Fld@listcount=\count97
\c@bookmark@seq@number=\count98

("C:\Program Files\MiKTeX 2.9\tex\latex\oberdiek\rerunfilecheck.sty"
Package: rerunfilecheck 2016/05/16 v1.8 Rerun checks for auxiliary files (HO)
Package uniquecounter Info: New unique counter `rerunfilecheck' on input line 2
82.
)
\Hy@SectionHShift=\skip43
)
("C:\Program Files\MiKTeX 2.9\tex\latex\pdfpages\pdfpages.sty"
Package: pdfpages 2017/10/31 v0.5l Insert pages of external PDF documents (AM)

("C:\Program Files\MiKTeX 2.9\tex\latex\base\ifthen.sty"
Package: ifthen 2014/09/29 v1.1c Standard LaTeX ifthen package (DPC)
)
("C:\Program Files\MiKTeX 2.9\tex\latex\tools\calc.sty"
Package: calc 2014/10/28 v4.3 Infix arithmetic (KKT,FJ)
\calc@Acount=\count99
\calc@Bcount=\count100
\calc@Adimen=\dimen107
\calc@Bdimen=\dimen108
\calc@Askip=\skip44
\calc@Bskip=\skip45
LaTeX Info: Redefining \setlength on input line 80.
LaTeX Info: Redefining \addtolength on input line 81.
\calc@Ccount=\count101
\calc@Cskip=\skip46
)
("C:\Program Files\MiKTeX 2.9\tex\latex\eso-pic\eso-pic.sty"
Package: eso-pic 2018/04/12 v2.0h eso-pic (RN)

("C:\Program Files\MiKTeX 2.9\tex\latex\xcolor\xcolor.sty"
Package: xcolor 2016/05/11 v2.12 LaTeX color extensions (UK)

("C:\Program Files\MiKTeX 2.9\tex\latex\graphics-cfg\color.cfg"
File: color.cfg 2016/01/02 v1.6 sample color configuration
)
Package xcolor Info: Driver file: pdftex.def on input line 225.

("C:\Program Files\MiKTeX 2.9\tex\latex\graphics-def\pdftex.def"
File: pdftex.def 2018/01/08 v1.0l Graphics/color driver for pdftex
)
Package xcolor Info: Model `cmy' substituted by `cmy0' on input line 1348.
Package xcolor Info: Model `hsb' substituted by `rgb' on input line 1352.
Package xcolor Info: Model `RGB' extended on input line 1364.
Package xcolor Info: Model `HTML' substituted by `rgb' on input line 1366.
Package xcolor Info: Model `Hsb' substituted by `hsb' on input line 1367.
Package xcolor Info: Model `tHsb' substituted by `hsb' on input line 1368.
Package xcolor Info: Model `HSB' substituted by `hsb' on input line 1369.
Package xcolor Info: Model `Gray' substituted by `gray' on input line 1370.
Package xcolor Info: Model `wave' substituted by `hsb' on input line 1371.
))
("C:\Program Files\MiKTeX 2.9\tex\latex\graphics\graphicx.sty"
Package: graphicx 2017/06/01 v1.1a Enhanced LaTeX Graphics (DPC,SPQR)

("C:\Program Files\MiKTeX 2.9\tex\latex\graphics\graphics.sty"
Package: graphics 2017/06/25 v1.2c Standard LaTeX Graphics (DPC,SPQR)

("C:\Program Files\MiKTeX 2.9\tex\latex\graphics\trig.sty"
Package: trig 2016/01/03 v1.10 sin cos tan (DPC)
)
("C:\Program Files\MiKTeX 2.9\tex\latex\graphics-cfg\graphics.cfg"
File: graphics.cfg 2016/06/04 v1.11 sample graphics configuration
)
Package graphics Info: Driver file: pdftex.def on input line 99.
)
\Gin@req@height=\dimen109
\Gin@req@width=\dimen110
)
\AM@pagewidth=\dimen111
\AM@pageheight=\dimen112

("C:\Program Files\MiKTeX 2.9\tex\latex\pdfpages\pppdftex.def"
File: pppdftex.def 2017/10/31 v0.5l Pdfpages driver for pdfTeX (AM)
)
\AM@pagebox=\box28
\AM@global@opts=\toks17
\AM@toc@title=\toks18
\c@AM@survey=\count102
\AM@templatesizebox=\box29
)
\@float@every@fig=\toks19
\c@fig=\count103

(vuwproject.sty ("C:\Program Files\MiKTeX 2.9\tex\latex\psnfss\mathpazo.sty"
Package: mathpazo 2005/04/12 PSNFSS-v9.2a Palatino w/ Pazo Math (D.Puga, WaS) 
\symupright=\mathgroup4
)
VUW Honours reports modifications -- Mar 1995
Modified to handle different degrees 2003
Modified to handle duplex printing properly 2006
\@abstract=\box30
) (proj_proposal.aux)
\openout1 = `proj_proposal.aux'.

LaTeX Font Info:    Checking defaults for OML/cmm/m/it on input line 52.
LaTeX Font Info:    ... okay on input line 52.
LaTeX Font Info:    Checking defaults for T1/cmr/m/n on input line 52.
LaTeX Font Info:    ... okay on input line 52.
LaTeX Font Info:    Checking defaults for OT1/cmr/m/n on input line 52.
LaTeX Font Info:    ... okay on input line 52.
LaTeX Font Info:    Checking defaults for OMS/cmsy/m/n on input line 52.
LaTeX Font Info:    ... okay on input line 52.
LaTeX Font Info:    Checking defaults for OMX/cmex/m/n on input line 52.
LaTeX Font Info:    ... okay on input line 52.
LaTeX Font Info:    Checking defaults for U/cmr/m/n on input line 52.
LaTeX Font Info:    ... okay on input line 52.
LaTeX Font Info:    Checking defaults for PD1/pdf/m/n on input line 52.
LaTeX Font Info:    ... okay on input line 52.
LaTeX Font Info:    Try loading font information for OT1+ppl on input line 52.
 ("C:\Program Files\MiKTeX 2.9\tex\latex\psnfss\ot1ppl.fd"
File: ot1ppl.fd 2001/06/04 font definitions for OT1/ppl.
)
\AtBeginShipoutBox=\box31
Package hyperref Info: Link coloring OFF on input line 52.
 ("C:\Program Files\MiKTeX 2.9\tex\latex\hyperref\nameref.sty"
Package: nameref 2016/05/21 v2.44 Cross-referencing by name of section

("C:\Program Files\MiKTeX 2.9\tex\generic\oberdiek\gettitlestring.sty"
Package: gettitlestring 2016/05/16 v1.5 Cleanup title references (HO)
)
\c@section@level=\count104
)
LaTeX Info: Redefining \ref on input line 52.
LaTeX Info: Redefining \pageref on input line 52.
LaTeX Info: Redefining \nameref on input line 52.

(proj_proposal.out) (proj_proposal.out)
\@outlinefile=\write3
\openout3 = `proj_proposal.out'.


("C:\Program Files\MiKTeX 2.9\tex\context\base\supp-pdf.mkii"
[Loading MPS to PDF converter (version 2006.09.02).]
\scratchcounter=\count105
\scratchdimen=\dimen113
\scratchbox=\box32
\nofMPsegments=\count106
\nofMParguments=\count107
\everyMPshowfont=\toks20
\MPscratchCnt=\count108
\MPscratchDim=\dimen114
\MPnumerator=\count109
\makeMPintoPDFobject=\count110
\everyMPtoPDFconversion=\toks21
) ("C:\Program Files\MiKTeX 2.9\tex\latex\oberdiek\epstopdf-base.sty"
Package: epstopdf-base 2016/05/15 v2.6 Base part for package epstopdf

("C:\Program Files\MiKTeX 2.9\tex\latex\oberdiek\grfext.sty"
Package: grfext 2016/05/16 v1.2 Manage graphics extensions (HO)
)
Package epstopdf-base Info: Redefining graphics rule for `.eps' on input line 4
38.
Package grfext Info: Graphics extension search list:
(grfext)             [.pdf,.png,.jpg,.mps,.jpeg,.jbig2,.jb2,.PDF,.PNG,.JPG,.JPE
G,.JBIG2,.JB2,.eps]
(grfext)             \AppendGraphicsExtensions on input line 456.
)
("C:\Program Files\MiKTeX 2.9\tex\latex\oberdiek\pdflscape.sty"
Package: pdflscape 2016/05/14 v0.11 Display of landscape pages in PDF (HO)

("C:\Program Files\MiKTeX 2.9\tex\latex\graphics\lscape.sty"
Package: lscape 2000/10/22 v3.01 Landscape Pages (DPC)
)
Package pdflscape Info: Auto-detected driver: pdftex on input line 81.
)
\big@size=\dimen115
<VUWlogo.png, id=3, 325.215pt x 152.10313pt>
File: VUWlogo.png Graphic file (type png)
<use VUWlogo.png>
Package pdftex.def Info: VUWlogo.png  used on input line 68.
(pdftex.def)             Requested size: 158.76663pt x 74.25731pt.
LaTeX Font Info:    Try loading font information for OML+zplm on input line 68.


("C:\Program Files\MiKTeX 2.9\tex\latex\psnfss\omlzplm.fd"
File: omlzplm.fd 2002/09/08 Fontinst v1.914 font definitions for OML/zplm.
)
LaTeX Font Info:    Try loading font information for OMS+zplm on input line 68.


("C:\Program Files\MiKTeX 2.9\tex\latex\psnfss\omszplm.fd"
File: omszplm.fd 2002/09/08 Fontinst v1.914 font definitions for OMS/zplm.
)
LaTeX Font Info:    Try loading font information for OMX+zplm on input line 68.


("C:\Program Files\MiKTeX 2.9\tex\latex\psnfss\omxzplm.fd"
File: omxzplm.fd 2002/09/08 Fontinst v1.914 font definitions for OMX/zplm.
)
LaTeX Font Info:    Try loading font information for OT1+zplm on input line 68.


("C:\Program Files\MiKTeX 2.9\tex\latex\psnfss\ot1zplm.fd"
File: ot1zplm.fd 2002/09/08 Fontinst v1.914 font definitions for OT1/zplm.
)
LaTeX Font Info:    Font shape `OT1/ppl/bx/n' in size <17.28> not available
(Font)              Font shape `OT1/ppl/b/n' tried instead on input line 68.
LaTeX Font Info:    Font shape `OT1/ppl/bx/n' in size <10.95> not available
(Font)              Font shape `OT1/ppl/b/n' tried instead on input line 68.
 [-1

{C:/Users/Simon/AppData/Local/MiKTeX/2.9/pdftex/config/pdftex.map} <./VUWlogo.p
ng>]pdfTeX warning (ext4): destination with the same identifier (name{page.}) h
as been already used, duplicate ignored
<to be read again> 
                   \relax 
l.68 \maketitle
                [0]
LaTeX Font Info:    Font shape `OT1/ppl/bx/n' in size <14.4> not available
(Font)              Font shape `OT1/ppl/b/n' tried instead on input line 81.
<aWall_introduction.png, id=16, 391.4625pt x 225.84375pt>
File: aWall_introduction.png Graphic file (type png)
<use aWall_introduction.png>
Package pdftex.def Info: aWall_introduction.png  used on input line 87.
(pdftex.def)             Requested size: 391.46153pt x 225.84319pt.


LaTeX Warning: Citation `AgileRetrospectivesEstherDerby' on page 1 undefined on
 input line 94.


LaTeX Warning: Citation `GettingValueFromRetrospectives' on page 1 undefined on
 input line 94.


LaTeX Warning: Citation `normanKeith' on page 1 undefined on input line 94.


LaTeX Warning: Citation `normanKeith' on page 1 undefined on input line 94.


LaTeX Warning: Citation `retrospectiveFacilator' on page 1 undefined on input l
ine 94.


LaTeX Warning: Citation `AgileRetrospectivesEstherDerby' on page 1 undefined on
 input line 94.


LaTeX Warning: Citation `xp2017_aWall' on page 1 undefined on input line 94.

Missing character: There is no â in font pplr7t!
Missing character: There is no € in font pplr7t!
Missing character: There is no ™ in font pplr7t!
[1


 <./aWall_introduction.png>]
LaTeX Font Info:    Try loading font information for OMS+ppl on input line 108.


("C:\Program Files\MiKTeX 2.9\tex\latex\psnfss\omsppl.fd"
File: omsppl.fd 
)
LaTeX Font Info:    Font shape `OMS/ppl/m/n' in size <10.95> not available
(Font)              Font shape `OMS/cmsy/m/n' tried instead on input line 108.


LaTeX Warning: Citation `AgileRetrospectivesEstherDerby' on page 2 undefined on
 input line 109.


LaTeX Warning: Citation `AgileRetrospectivesEstherDerby' on page 2 undefined on
 input line 112.


LaTeX Warning: Citation `normanKeith' on page 2 undefined on input line 112.


Underfull \hbox (badness 10000) in paragraph at lines 126--128

 []

[2]
Underfull \hbox (badness 10000) in paragraph at lines 188--189

 []


Overfull \hbox (4.21497pt too wide) in paragraph at lines 194--195
[]\OT1/ppl/b/n/10.95 September: \OT1/ppl/m/n/10.95 Im-ple-ment the most ef-fec-
tive method of ret-ro-spec-tive into the aWall project
 []


Underfull \hbox (badness 10000) in paragraph at lines 198--199

 []


Underfull \hbox (badness 10000) in paragraph at lines 204--205

 []

[3]
LaTeX Font Info:    Font shape `OT1/ppl/bx/n' in size <12> not available
(Font)              Font shape `OT1/ppl/b/n' tried instead on input line 210.


LaTeX Warning: Citation `xp2017_aWall' undefined on input line 238.


LaTeX Warning: Citation `sourceVis2013' undefined on input line 238.


LaTeX Warning: Citation `SourceVis2010' undefined on input line 238.


LaTeX Warning: Citation `DBLP:conf/agiledc/GossageBB15' undefined on input line
 238.


LaTeX Warning: Citation `code-space-combining-touch-devices-and-skeletal-tracki
ng-to-support-developer-meetings' undefined on input line 238.


LaTeX Warning: Citation `craigBook' undefined on input line 238.


LaTeX Warning: Citation `DBLP:conf/agiledc/GhanamWM08' undefined on input line 
238.

(proj_proposal.bbl [4]
LaTeX Font Info:    Font shape `OT1/ppl/bx/n' in size <24.88> not available
(Font)              Font shape `OT1/ppl/b/n' tried instead on input line 1.
)

pdfTeX warning: pdflatex (file ./SurfaceHubQuote.pdf): PDF inclusion: found PDF
 version <1.7>, but at most version <1.5> allowed
<SurfaceHubQuote.pdf, id=52, 614.295pt x 794.97pt>
File: SurfaceHubQuote.pdf Graphic file (type pdf)
<use SurfaceHubQuote.pdf>
Package pdftex.def Info: SurfaceHubQuote.pdf  used on input line 244.
(pdftex.def)             Requested size: 614.29349pt x 794.96806pt.


pdfTeX warning: pdflatex (file ./SurfaceHubQuote.pdf): PDF inclusion: found PDF
 version <1.7>, but at most version <1.5> allowed
File: SurfaceHubQuote.pdf Graphic file (type pdf)
<use SurfaceHubQuote.pdf>
Package pdftex.def Info: SurfaceHubQuote.pdf  used on input line 244.
(pdftex.def)             Requested size: 614.29349pt x 794.96806pt.


pdfTeX warning: pdflatex (file ./SurfaceHubQuote.pdf): PDF inclusion: found PDF
 version <1.7>, but at most version <1.5> allowed


pdfTeX warning: pdflatex (file ./SurfaceHubQuote.pdf): PDF inclusion: found PDF
 version <1.7>, but at most version <1.5> allowed
<SurfaceHubQuote.pdf, id=55, page=1, 614.295pt x 794.97pt>
File: SurfaceHubQuote.pdf Graphic file (type pdf)
<use SurfaceHubQuote.pdf, page 1>
Package pdftex.def Info: SurfaceHubQuote.pdf , page1 used on input line 244.
(pdftex.def)             Requested size: 614.29349pt x 794.96806pt.
File: SurfaceHubQuote.pdf Graphic file (type pdf)
<use SurfaceHubQuote.pdf, page 1>
Package pdftex.def Info: SurfaceHubQuote.pdf , page1 used on input line 244.
(pdftex.def)             Requested size: 597.78697pt x 773.60669pt.
[5

]
File: SurfaceHubQuote.pdf Graphic file (type pdf)
<use SurfaceHubQuote.pdf, page 1>
Package pdftex.def Info: SurfaceHubQuote.pdf , page1 used on input line 244.
(pdftex.def)             Requested size: 597.78697pt x 773.60669pt.
File: SurfaceHubQuote.pdf Graphic file (type pdf)
<use SurfaceHubQuote.pdf, page 1>
Package pdftex.def Info: SurfaceHubQuote.pdf , page1 used on input line 244.
(pdftex.def)             Requested size: 597.78697pt x 773.60669pt.
File: SurfaceHubQuote.pdf Graphic file (type pdf)
<use SurfaceHubQuote.pdf, page 1>
Package pdftex.def Info: SurfaceHubQuote.pdf , page1 used on input line 244.
(pdftex.def)             Requested size: 597.78697pt x 773.60669pt.
 [6 <./SurfaceHubQuote.pdf>]
<Victoria_University_of_Wellington_-_NK161008.pdf, id=108, 597.55246pt x 845.07
718pt>
File: Victoria_University_of_Wellington_-_NK161008.pdf Graphic file (type pdf)
<use Victoria_University_of_Wellington_-_NK161008.pdf>
Package pdftex.def Info: Victoria_University_of_Wellington_-_NK161008.pdf  used
 on input line 245.
(pdftex.def)             Requested size: 597.551pt x 845.07512pt.
File: Victoria_University_of_Wellington_-_NK161008.pdf Graphic file (type pdf)
<use Victoria_University_of_Wellington_-_NK161008.pdf>
Package pdftex.def Info: Victoria_University_of_Wellington_-_NK161008.pdf  used
 on input line 245.
(pdftex.def)             Requested size: 597.551pt x 845.07512pt.
<Victoria_University_of_Wellington_-_NK161008.pdf, id=111, page=1, 597.55246pt 
x 845.07718pt>
File: Victoria_University_of_Wellington_-_NK161008.pdf Graphic file (type pdf)
<use Victoria_University_of_Wellington_-_NK161008.pdf, page 1>
Package pdftex.def Info: Victoria_University_of_Wellington_-_NK161008.pdf , pag
e1 used on input line 245.
(pdftex.def)             Requested size: 597.551pt x 845.07512pt.
File: Victoria_University_of_Wellington_-_NK161008.pdf Graphic file (type pdf)
<use Victoria_University_of_Wellington_-_NK161008.pdf, page 1>
Package pdftex.def Info: Victoria_University_of_Wellington_-_NK161008.pdf , pag
e1 used on input line 245.
(pdftex.def)             Requested size: 597.57834pt x 845.1138pt.
File: Victoria_University_of_Wellington_-_NK161008.pdf Graphic file (type pdf)
<use Victoria_University_of_Wellington_-_NK161008.pdf, page 1>
Package pdftex.def Info: Victoria_University_of_Wellington_-_NK161008.pdf , pag
e1 used on input line 245.
(pdftex.def)             Requested size: 597.57834pt x 845.1138pt.
File: Victoria_University_of_Wellington_-_NK161008.pdf Graphic file (type pdf)
<use Victoria_University_of_Wellington_-_NK161008.pdf, page 1>
Package pdftex.def Info: Victoria_University_of_Wellington_-_NK161008.pdf , pag
e1 used on input line 245.
(pdftex.def)             Requested size: 597.57834pt x 845.1138pt.
File: Victoria_University_of_Wellington_-_NK161008.pdf Graphic file (type pdf)
<use Victoria_University_of_Wellington_-_NK161008.pdf, page 1>
Package pdftex.def Info: Victoria_University_of_Wellington_-_NK161008.pdf , pag
e1 used on input line 245.
(pdftex.def)             Requested size: 597.57834pt x 845.1138pt.
 [7 <./Victoria_University_of_Wellington_-_NK161008.pdf>]
Package atveryend Info: Empty hook `BeforeClearDocument' on input line 246.
Package atveryend Info: Empty hook `AfterLastShipout' on input line 246.
 (proj_proposal.aux)
Package atveryend Info: Executing hook `AtVeryEndDocument' on input line 246.
Package atveryend Info: Executing hook `AtEndAfterFileList' on input line 246.
Package rerunfilecheck Info: File `proj_proposal.out' has not changed.
(rerunfilecheck)             Checksum: D41D8CD98F00B204E9800998ECF8427E;0.


LaTeX Warning: There were undefined references.


LaTeX Warning: Label(s) may have changed. Rerun to get cross-references right.

Package atveryend Info: Empty hook `AtVeryVeryEnd' on input line 246.
 ) 
Here is how much of TeX's memory you used:
 6584 strings out of 493305
 97596 string characters out of 3138874
 187492 words of memory out of 3000000
 10013 multiletter control sequences out of 15000+200000
 27441 words of font info for 68 fonts, out of 3000000 for 9000
 1141 hyphenation exceptions out of 8191
 37i,18n,43p,1211b,443s stack positions out of 5000i,500n,10000p,200000b,50000s
{C:/Program Files/MiKTeX 2.9/fonts/enc/dvips/base/8r.enc}<C:/Program Files/Mi
KTeX 2.9/fonts/type1/public/amsfonts/cm/cmsy10.pfb><C:/Program Files/MiKTeX 2.9
/fonts/type1/public/amsfonts/cm/cmtt10.pfb><C:/Program Files/MiKTeX 2.9/fonts/t
ype1/urw/palatino/uplb8a.pfb><C:/Program Files/MiKTeX 2.9/fonts/type1/urw/palat
ino/uplr8a.pfb><C:/Program Files/MiKTeX 2.9/fonts/type1/urw/palatino/uplri8a.pf
b>
Output written on proj_proposal.pdf (9 pages, 1203338 bytes).
PDF statistics:
 167 PDF objects out of 1000 (max. 8388607)
 33 named destinations out of 1000 (max. 500000)
 51 words of extra memory for PDF output out of 10000 (max. 10000000)

